Removed Pin From Net: NetName=+5 Pin=CS_1-2
Removed Pin From Net: NetName=+5 Pin=CS_4-1
Removed Pin From Net: NetName=GND Pin=CS_4-2
Removed Pin From Net: NetName=GND Pin=CS_5-1
Removed Pin From Net: NetName=GND Pin=SER_1-9
Removed Pin From Net: NetName=GND Pin=SER_1-MH1
Removed Pin From Net: NetName=GND Pin=SER_1-MH2
Removed Pin From Net: NetName=TX_S1 Pin=U1-11
Removed Pin From Net: NetName=RX_S1 Pin=U1-12
Removed Pin From Net: NetName=GND Pin=U1-15
Removed Pin From Net: NetName=+5 Pin=U1-16
Removed Member From Class: ClassName=Serial_Ports Member=CS_1
Removed Member From Class: ClassName=Serial_Ports Member=CS_2
Removed Member From Class: ClassName=Serial_Ports Member=CS_3
Removed Member From Class: ClassName=Serial_Ports Member=CS_4
Removed Member From Class: ClassName=Serial_Ports Member=CS_5
Removed Member From Class: ClassName=Serial_Ports Member=RS_1
Removed Member From Class: ClassName=Serial_Ports Member=RS_2
Removed Member From Class: ClassName=Serial_Ports Member=SER_1
Removed Member From Class: ClassName=Serial_Ports Member=U1
Added Room: Name=AddressBUS
Added Room: Name=CPU_and_EXPANSION_BUS
Added Room: Name=RAM
Added Room: Name=ROM
Added Room: Name=SD_RTC_SPI
