Removed Pin From Net: NetName=VDD Pin=BUS-A1
Removed Pin From Net: NetName=GND Pin=BUS-A3
Removed Pin From Net: NetName=VSS Pin=BUS-A4
Removed Pin From Net: NetName=D0 Pin=BUS-A7
Removed Pin From Net: NetName=D1 Pin=BUS-A8
Removed Pin From Net: NetName=D2 Pin=BUS-A9
Removed Pin From Net: NetName=D3 Pin=BUS-A10
Removed Pin From Net: NetName=D4 Pin=BUS-A11
Removed Pin From Net: NetName=D5 Pin=BUS-A12
Removed Pin From Net: NetName=GND Pin=BUS-A13
Removed Pin From Net: NetName=D6 Pin=BUS-A14
Removed Pin From Net: NetName=D7 Pin=BUS-A15
Removed Pin From Net: NetName=D8 Pin=BUS-A16
Removed Pin From Net: NetName=D9 Pin=BUS-A17
Removed Pin From Net: NetName=D10 Pin=BUS-A18
Removed Pin From Net: NetName=D11 Pin=BUS-A19
Removed Pin From Net: NetName=D12 Pin=BUS-A20
Removed Pin From Net: NetName=D13 Pin=BUS-A21
Removed Pin From Net: NetName=VSS Pin=BUS-A22
Removed Pin From Net: NetName=D14 Pin=BUS-A23
Removed Pin From Net: NetName=D15 Pin=BUS-A24
Removed Pin From Net: NetName=GND Pin=BUS-A25
Removed Pin From Net: NetName=D16 Pin=BUS-A26
Removed Pin From Net: NetName=VDD Pin=BUS-A27
Removed Pin From Net: NetName=D17 Pin=BUS-A28
Removed Pin From Net: NetName=D18 Pin=BUS-A29
Removed Pin From Net: NetName=D19 Pin=BUS-A30
Removed Pin From Net: NetName=D20 Pin=BUS-A31
Removed Pin From Net: NetName=D21 Pin=BUS-A32
Removed Pin From Net: NetName=D22 Pin=BUS-A33
Removed Pin From Net: NetName=D23 Pin=BUS-A34
Removed Pin From Net: NetName=GND Pin=BUS-A40
Removed Pin From Net: NetName=VDD Pin=BUS-A46
Removed Pin From Net: NetName=VSS Pin=BUS-A48
Removed Pin From Net: NetName=GND Pin=BUS-A49
Removed Pin From Net: NetName=VDD Pin=BUS-B1
Removed Pin From Net: NetName=GND Pin=BUS-B3
Removed Pin From Net: NetName=VSS Pin=BUS-B4
Removed Pin From Net: NetName=A0 Pin=BUS-B5
Removed Pin From Net: NetName=A1 Pin=BUS-B6
Removed Pin From Net: NetName=A2 Pin=BUS-B7
Removed Pin From Net: NetName=A3 Pin=BUS-B8
Removed Pin From Net: NetName=A4 Pin=BUS-B9
Removed Pin From Net: NetName=A5 Pin=BUS-B10
Removed Pin From Net: NetName=A6 Pin=BUS-B11
Removed Pin From Net: NetName=A7 Pin=BUS-B12
Removed Pin From Net: NetName=GND Pin=BUS-B13
Removed Pin From Net: NetName=A8 Pin=BUS-B14
Removed Pin From Net: NetName=A9 Pin=BUS-B15
Removed Pin From Net: NetName=A10 Pin=BUS-B16
Removed Pin From Net: NetName=Reset Pin=BUS-B17
Removed Pin From Net: NetName=MSync Pin=BUS-B18
Removed Pin From Net: NetName=SSync Pin=BUS-B19
Removed Pin From Net: NetName=R_W_Internal Pin=BUS-B20
Removed Pin From Net: NetName=A11 Pin=BUS-B21
Removed Pin From Net: NetName=VSS Pin=BUS-B22
Removed Pin From Net: NetName=M_IO Pin=BUS-B23
Removed Pin From Net: NetName=GND Pin=BUS-B25
Removed Pin From Net: NetName=INT_A Pin=BUS-B26
Removed Pin From Net: NetName=VDD Pin=BUS-B27
Removed Pin From Net: NetName=A12 Pin=BUS-B28
Removed Pin From Net: NetName=A13 Pin=BUS-B29
Removed Pin From Net: NetName=A14 Pin=BUS-B30
Removed Pin From Net: NetName=A15 Pin=BUS-B31
Removed Pin From Net: NetName=A16 Pin=BUS-B32
Removed Pin From Net: NetName=A17 Pin=BUS-B33
Removed Pin From Net: NetName=A18 Pin=BUS-B34
Removed Pin From Net: NetName=A19 Pin=BUS-B35
Removed Pin From Net: NetName=A20 Pin=BUS-B36
Removed Pin From Net: NetName=A21 Pin=BUS-B37
Removed Pin From Net: NetName=GND Pin=BUS-B40
Removed Pin From Net: NetName=VDD Pin=BUS-B46
Removed Pin From Net: NetName=VSS Pin=BUS-B48
Removed Pin From Net: NetName=GND Pin=BUS-B49
Removed Member From Class: ClassName=CPU_and_EXPANSION_BUS Member=BUS
Added Pin To Net: NetName=NetCK_dist_5 Pin=CK_dist-5
Added Net: Name=NetCK_dist_5
Added Pin To Net: NetName=NetLassye3_P8 Pin=Lassye3-P8
Added Net: Name=NetLassye3_P8
