Removed Pin From Net: NetName=GND Pin=C7_ETH-1
Removed Pin From Net: NetName=VDD Pin=C7_ETH-2
Removed Pin From Net: NetName=GND Pin=C8_ETH-2
Removed Pin From Net: NetName=GND Pin=C11_ETH-1
Removed Pin From Net: NetName=GND Pin=C_ETH0-1
Removed Pin From Net: NetName=GND Pin=C_ETH1-1
Removed Pin From Net: NetName=VDD Pin=C_ETH1-2
Removed Pin From Net: NetName=GND Pin=C_ETH4-1
Removed Pin From Net: NetName=GND Pin=C_toCap-1
Removed Pin From Net: NetName=GND Pin=C_XTAL_0-2
Removed Pin From Net: NetName=GND Pin=C_XTAL_1-2
Removed Pin From Net: NetName=GND Pin=ETH-MH3
Removed Pin From Net: NetName=GND Pin=ETH-MH4
Removed Pin From Net: NetName=GND Pin=ETH-P4
Removed Pin From Net: NetName=GND Pin=ETH-P5
Removed Pin From Net: NetName=GND Pin=IC_ETH-3
Removed Pin From Net: NetName=VDD Pin=IC_ETH-4
Removed Pin From Net: NetName=GND Pin=IC_ETH-9
Removed Pin From Net: NetName=VDD Pin=IC_ETH-11
Removed Pin From Net: NetName=GND Pin=IC_ETH-14
Removed Pin From Net: NetName=VDD Pin=IC_ETH-15
Removed Pin From Net: NetName=GND Pin=IC_ETH-16
Removed Pin From Net: NetName=VDD Pin=IC_ETH-17
Removed Pin From Net: NetName=GND Pin=IC_ETH-19
Removed Pin From Net: NetName=VDD Pin=IC_ETH-21
Removed Pin From Net: NetName=VDD Pin=IC_ETH-28
Removed Pin From Net: NetName=GND Pin=IC_ETH-29
Removed Pin From Net: NetName=SCS Pin=IC_ETH-32
Removed Pin From Net: NetName=SCLK Pin=IC_ETH-33
Removed Pin From Net: NetName=MISO Pin=IC_ETH-34
Removed Pin From Net: NetName=MOSI Pin=IC_ETH-35
Removed Pin From Net: NetName=INTn Pin=IC_ETH-36
Removed Pin From Net: NetName=GND Pin=IC_ETH-48
Removed Pin From Net: NetName=GND Pin=R0A-2
Removed Pin From Net: NetName=VDD Pin=R0B-1
Removed Pin From Net: NetName=GND Pin=R1A-2
Removed Pin From Net: NetName=VDD Pin=R1B-1
Removed Pin From Net: NetName=GND Pin=R2A-2
Removed Pin From Net: NetName=VDD Pin=R2B-1
Removed Pin From Net: NetName=VDD Pin=R20_ETH-1
Removed Pin From Net: NetName=VDD Pin=R21_ETH-1
Removed Pin From Net: NetName=VDD Pin=R22_ETH-1
Removed Pin From Net: NetName=GND Pin=R_EXRES-1
Removed Pin From Net: NetName=VDD Pin=R_GREEN-2
Removed Pin From Net: NetName=VDD Pin=R_YELLOW-2
Removed Pin From Net: NetName=VDD Pin=Rint-1
Removed Pin From Net: NetName=INTn Pin=Rint-2
Removed Pin From Net: NetName=VDD Pin=Rscs-1
Removed Pin From Net: NetName=SCS Pin=Rscs-2
Removed Pin From Net: NetName=VDD Pin=Rstn-1
Removed Pin From Net: NetName=GND Pin=Rsvd2-1
Removed Pin From Net: NetName=GND Pin=Rsvd3-1
Removed Pin From Net: NetName=GND Pin=Rsvd4-1
Removed Pin From Net: NetName=GND Pin=Rsvd5-1
Removed Pin From Net: NetName=GND Pin=Rsvd6-1
Removed Pin From Net: NetName=GND Pin=Rsvd-2
Added Room: Name=AddressBUS
Added Room: Name=CPU_and_EXPANSION_BUS
Added Room: Name=RAM
Added Room: Name=ROM
Added Room: Name=SD_RTC_SPI
